[21:42:48] [ServerMain/INFO]: Environment: Environment[sessionHost=https://sessionserver.mojang.com, servicesHost=https://api.minecraftservices.com, name=PROD]
[21:42:52] [ServerMain/INFO]: Loaded 1407 recipes
[21:42:52] [ServerMain/INFO]: Loaded 1520 advancements
[21:42:52] [Server thread/INFO]: Starting minecraft server version 1.21.8
[21:42:52] [Server thread/INFO]: Loading properties
[21:42:52] [Server thread/INFO]: Default game type: SURVIVAL
[21:42:52] [Server thread/INFO]: Generating keypair
[21:42:52] [Server thread/INFO]: Starting Minecraft server on *:25565
[21:42:52] [Server thread/INFO]: Using epoll channel type
[21:42:52] [Server thread/WARN]: **** SERVER IS RUNNING IN OFFLINE/INSECURE MODE!
[21:42:52] [Server thread/WARN]: The server will make no attempt to authenticate usernames. Beware.
[21:42:52] [Server thread/WARN]: While this makes the game possible to play without internet access, it also opens up the ability for hackers to connect with any username they choose.
[21:42:52] [Server thread/WARN]: To change this, set "online-mode" to "true" in the server.properties file.
[21:42:52] [Server thread/INFO]: Preparing level "world"
[21:42:53] [Server thread/INFO]: Preparing start region for dimension minecraft:overworld
[21:43:01] [Worker-Main-1/INFO]: Preparing spawn area: 0%
[21:43:01] [Worker-Main-1/INFO]: Preparing spawn area: 0%
[21:43:01] [Worker-Main-1/INFO]: Preparing spawn area: 0%
[21:43:01] [Worker-Main-1/INFO]: Preparing spawn area: 0%
[21:43:01] [Worker-Main-1/INFO]: Preparing spawn area: 0%
[21:43:01] [Worker-Main-1/INFO]: Preparing spawn area: 0%
[21:43:01] [Worker-Main-1/INFO]: Preparing spawn area: 0%
[21:43:01] [Worker-Main-1/INFO]: Preparing spawn area: 0%
[21:43:01] [Worker-Main-1/INFO]: Preparing spawn area: 0%
[21:43:01] [Worker-Main-1/INFO]: Preparing spawn area: 0%
[21:43:01] [Worker-Main-1/INFO]: Preparing spawn area: 0%
[21:43:01] [Worker-Main-1/INFO]: Preparing spawn area: 0%
[21:43:01] [Worker-Main-1/INFO]: Preparing spawn area: 0%
[21:43:01] [Worker-Main-1/INFO]: Preparing spawn area: 0%
[21:43:01] [Worker-Main-1/INFO]: Preparing spawn area: 0%
[21:43:01] [Worker-Main-1/INFO]: Preparing spawn area: 0%
[21:43:01] [Worker-Main-1/INFO]: Preparing spawn area: 0%
[21:43:01] [Worker-Main-1/INFO]: Preparing spawn area: 18%
[21:43:02] [Server thread/INFO]: Time elapsed: 8739 ms
[21:43:02] [Server thread/INFO]: Done (9.314s)! For help, type "help"
[21:44:02] [Server thread/INFO]: Server empty for 60 seconds, pausing
[21:50:36] [Server thread/INFO]: fofi[/127.6.116.174:45401] logged in with entity id 41 at (183.96859827263188, 63.0, 31.339129113895773)
[21:50:36] [Server thread/INFO]: fofi joined the game
[21:52:43] [Server thread/INFO]: Le0[/127.136.237.167:42299] logged in with entity id 613 at (99.62842191892824, 93.0, -86.29569759169642)
[21:52:43] [Server thread/INFO]: Le0 joined the game
[22:02:45] [Server thread/INFO]: Diegojg[/127.245.14.106:57755] logged in with entity id 3645 at (-286.6756507990607, 62.11076431274413, -1806.2217379825454)
[22:02:45] [Server thread/INFO]: Diegojg joined the game
[22:03:00] [Server thread/INFO]: [Not Secure] <Diegojg> nosi
[22:03:26] [Server thread/INFO]: [Not Secure] <Le0> sopa
[22:03:34] [Server thread/INFO]: [Not Secure] <Le0> wekito
[22:03:36] [Server thread/INFO]: [Not Secure] <Diegojg> no al almonismo
[22:04:04] [Server thread/INFO]: [Not Secure] <Le0> el almonismo y sopalismo no funcionan en este server
[22:06:45] [Server thread/INFO]: Diegojg lost connection: Timed out
[22:06:45] [Server thread/INFO]: Diegojg left the game
[22:06:45] [Server thread/WARN]: handleDisconnection() called twice
[22:06:59] [Server thread/INFO]: Diegojg[/127.245.14.106:55187] logged in with entity id 6486 at (-552.6999999880791, 67.0, -2067.305112701773)
[22:06:59] [Server thread/INFO]: Diegojg joined the game
[22:07:27] [Server thread/INFO]: [Not Secure] <Le0> tai puro chitiando sopa wn
[22:07:32] [Server thread/INFO]: [Not Secure] <Diegojg> jsjsa
[22:07:34] [Server thread/INFO]: [Not Secure] <Diegojg> oe
[22:07:42] [Server thread/INFO]: [Not Secure] <Diegojg> sabi como se hacen los ladrillos de piedra wn
[22:07:50] [Server thread/INFO]: [Not Secure] <Diegojg> es con la piedra qla cocia?
[22:07:53] [Server thread/INFO]: [Not Secure] <Le0> jsjs como esa wea
[22:07:59] [Server thread/INFO]: [Not Secure] <Le0> ah
[22:08:00] [Server thread/INFO]: [Not Secure] <Le0> si
[22:08:04] [Server thread/INFO]: [Not Secure] <Diegojg> pta la wea
[22:08:09] [Server thread/INFO]: [Not Secure] <Diegojg> para cocer la mrd ahora
[22:08:19] [Server thread/INFO]: [Not Secure] <Le0> cocina la piedra
[22:08:20] [Server thread/INFO]: [Not Secure] <Le0> yia
[22:08:28] [Server thread/INFO]: [Not Secure] <Diegojg> jasjs
[22:08:33] [Server thread/INFO]: [Not Secure] <Le0> esa wea es tu desayuno o no
[22:08:37] [Server thread/INFO]: [Not Secure] <Diegojg> si
[22:08:37] [Server thread/INFO]: [Not Secure] <Le0> geologo maricon
[22:08:40] [Server thread/INFO]: [Not Secure] <Diegojg> jajsaj
[22:09:57] [Server thread/INFO]: [Not Secure] <Diegojg> me falta el alto horno
[22:10:04] [Server thread/INFO]: [Not Secure] <Diegojg> asi no voy a terminar nunca
[22:12:08] [Server thread/INFO]: [Not Secure] <Le0> te vendo
[22:12:16] [Server thread/INFO]: fofi drowned
[22:12:18] [Server thread/INFO]: [Not Secure] <Le0> ven para aca yia
[22:12:27] [Server thread/INFO]: [Not Secure] <Diegojg> oeee
[22:12:43] [Server thread/INFO]: [Not Secure] <Diegojg> ya no voy paara alla
[22:12:55] [Server thread/INFO]: [Not Secure] <Le0> te llevo entonce
[22:13:09] [Server thread/INFO]: [Not Secure] <Diegojg> y que me vas a traer
[22:13:28] [Server thread/INFO]: [Not Secure] <Le0> tu piedra
[22:13:37] [Server thread/INFO]: [Not Secure] <Diegojg> oe aca tengo
[22:13:45] [Server thread/INFO]: [Not Secure] <Le0> sopa
[22:13:51] [Server thread/INFO]: [Not Secure] <Diegojg> si ahora me hice una cocina qla como de 15 hornos
[22:13:52] [Server thread/INFO]: [Not Secure] <Le0> tai puro webiando entonce
[22:13:56] [Server thread/INFO]: [Not Secure] <Diegojg> jajsaj
[22:16:40] [Server thread/WARN]: Jungle Boat (vehicle of Diegojg) moved too quickly! 9.609995664926828,0.0,3.474658978734851
